This is TeX, Version 3.14159265 (TeX Live 2015) (preloaded format=tex 2015.6.21)  22 OCT 2016 18:56
**cond4ht.4ht
(./cond4ht.4ht
version 2016-10-22-18:56
 (./common.tex
\tmpcnt=\count26
)
(/usr/local/texlive/2015/texmf-dist/tex/generic/tex4ht/tex4ht.sty
version 2008-10-27-17:23
)
(/usr/local/texlive/2015/texmf-dist/tex/generic/tex4ht/tex4ht.4ht
version 2009-01-07-07:11
--------------------------------------
--- Note --- for additional information, use the command line option `info'
--------------------------------------

::::::::::::::::::::::::::::::::::::::::::
 TeX4ht info is available in the log file 
::::::::::::::::::::::::::::::::::::::::::
) (/usr/local/texlive/2015/texmf-dist/tex/generic/tex4ht/tex4ht.sty
version 2008-10-27-17:23

--- needs --- tex4ht cond4ht ---
\tmp:cnt=\count27
\openout15 = `cond4ht.tmp'.

(./cond4ht.tmp)
\tmp:toks=\toks12
\tmp:dim=\skip18
--------------------------------------
--- Note --- for XML code, use the command line option `xml' or `xhtml'
--------------------------------------
 (./cond4ht.xref)
\:refout=\write0

(/usr/local/texlive/2015/texmf-dist/tex/generic/tex4ht/html4.4ht
version 2015-01-26-15:58
--------------------------------------
--- Note --- to remove the <?xml version=...?> processing instruction use the c
ommand line option `no-VERSION'
--------------------------------------
--------------------------------------
--- Note --- to remove the DOCTYPE declaration use the command line option `no-
DOCTYPE'
--------------------------------------
)
(/usr/local/texlive/2015/texmf-dist/tex/generic/tex4ht/html4-math.4ht
version 2009-05-18-23:01
)
--------------------------------------
--- Note --- for marking of the base font, use the command line option `fonts+'

--------------------------------------
--------------------------------------
--- Note --- for non active _, use the command line option `no_'
--------------------------------------
--------------------------------------
--- Note --- for _ of catcode 13, use the command line option `_13'
--------------------------------------
--------------------------------------
--- Note --- for non active ^, use the command line option `no^'
--------------------------------------
--------------------------------------
--- Note --- for ^ of catcode 13, use the command line option `^13'
--------------------------------------

(/usr/local/texlive/2015/texmf-dist/tex/generic/tex4ht/html4.4ht
version 2015-01-26-15:58
--------------------------------------
--- Note --- for alternative charset, use the command line option `charset=...'

--------------------------------------
--------------------------------------
--- Note --- to ignore CSS font decoration, use the `NoFonts' command line opti
on
--------------------------------------
--------------------------------------
--- Note --- for jpg bitmaps of pictures, use the `jpg' command line option. (C
haracter bitmaps are controled only by `g' records of tex4ht.env and `-g' switc
hes of tex4ht.c) 
--------------------------------------
--------------------------------------
--- Note --- for gif bitmaps of pictures, use the `gif' command line option. (C
haracter bitmaps are controled only by `g' records of tex4ht.env and `-g' switc
hes of tex4ht.c) 
--------------------------------------
--------------------------------------
--- Note --- for content and toc in 2 frames, use the command line option `fram
es'
--------------------------------------
--------------------------------------
--- Note --- for content, toc, and footnotes in 3 frames, use the command line 
option `frames-fn'
--------------------------------------
--------------------------------------
--- Note --- for file extension name xht, use the command line option `xht'
--------------------------------------
TeX4ht package options: html
--------------------------------------
--- Note --- to ignore CSS code, use the command line option `-css
--------------------------------------
--------------------------------------
--- Note --- for inline CSS code, use the command line option `css-in'
--------------------------------------
--------------------------------------
--- Note --- for pop ups on mouse over, use the command line option `mouseover'

--------------------------------------
--------------------------------------
--- Note --- for addressing images in a subdirectory, use the command line opti
on `imgdir:.../'
--------------------------------------
)
(/usr/local/texlive/2015/texmf-dist/tex/generic/tex4ht/html4-math.4ht
version 2009-05-18-23:01
)
\:tokwrite=\toks13
\:tokpage=\toks14
--------------------------------------
--- Note --- for back links to toc, use the command line option `sections+'
--------------------------------------
--------------------------------------
--- Note --- for linear crosslinks of pages, use the command line option `next'

--------------------------------------
\openout15 = `cond4ht.4ct'.

\:tocout=\write1

(/usr/local/texlive/2015/texmf-dist/tex/generic/tex4ht/plain.4ht
version 2009-05-21-09:32
--------------------------------------
--- Note --- for reduced implementation, use the command line option `plain-'
--------------------------------------

(/usr/local/texlive/2015/texmf-dist/tex/generic/tex4ht/html4.4ht
version 2015-01-26-15:58
--------------------------------------
--- Note --- for inline footnotes, use the command line option `fn-in'
--------------------------------------
--------------------------------------
--- Note --- for automatic sectioning pagination, use the command line option `
1'
--------------------------------------
)
(/usr/local/texlive/2015/texmf-dist/tex/generic/tex4ht/html4-math.4ht
version 2009-05-18-23:01
--------------------------------------
--- Note --- for pictorial $...$ environments, use the command line option `pic
-m' (not recommended!!)
--------------------------------------
--------------------------------------
--- Note --- for pictorial $...$ and $$...$$ environments with latex alt, use t
he command line option `pic-m+' (not safe!!)
--------------------------------------
))
--- file cond4ht.css ---

[1
\openout0 = `cond4ht.xref'.

\openout1 = `cond4ht.4tc'.

] (/usr/local/texlive/2015/texmf-dist/tex/generic/tex4ht/html4.4ht
version 2015-01-26-15:58
)
(/usr/local/texlive/2015/texmf-dist/tex/generic/tex4ht/html4-math.4ht
version 2009-05-18-23:01
))
(./ProTex.sty
version 2016-07-04
\:CodeNumber=\count28
\:tokens=\toks15
\:tokensi=\toks16
\:tokensii=\toks17
\:trcfile=\write2
\openout2 = `cond4ht.trc'.

) (./AlProTex.sty
version 2016-07-04
\:BoxDepth=\dimen16
) (./mktex4ht-cnf.tex) [1] [2]
(./tex4ht-cpright.tex)
Overfull \hbox (20887.7296pt too wide) in paragraph at lines 671--671
 [][][][][]\tentt \lit{Preamble}\lit{tex4ht}\lit{tex4ht2}^^J\lit{etex4ht}^^J\li
t{latex}^^J\lit{book}\lit{report}\lit{article}^^J\lit{tcilatex}\lit{fontmath}\l
it{lettrine}^^J^^J\lit{inputenc}\lit{graphics}\lit{graphicx}^^J\lit{debug}\lit{
footnote-dw}\lit{latex209}\lit{amsart}\lit{amsbook}\lit{amsproc}^^J\lit{amsldoc
}\lit{amsthm}\lit{amsbsy}^^J\lit{amsmath}\lit{amsfonts}^^J\lit{amstext}\lit{ams
tex1}\lit{amstex}^^J\lit{amsppt}\lit{babel}\lit{ngerman}\lit{plain}^^J\lit{amso
pn}^^J\lit{biblatex}^^J\lit{reading}\lit{glossaries}\lit{glossary}\lit{letter}^
^J\lit{latin2}^^J\lit{dvips}^^J\lit{seslideb}^^J\lit{xr}^^J\lit{xr-hyper}\lit{u
rl}\lit{hyperref}^^J\lit{supertabular}\lit{array}^^J\lit{longtable}\lit{pctable
}\lit{tabularx}\lit{ifthen}\lit{mwart}\lit{mwrep}\lit{mwbk}\lit{natbib}\lit{CJK
}^^J\lit{german}\lit{italian}\lit{french}^^J\lit{moreverb}\lit{fancyvrb}^^J\lit
{epsf}\lit{psfig}^^J\lit{epsfig}\lit{amscd}\lit{color}\lit{xcolor}\lit{dvipsnam
}\lit{svgnam}^^J\lit{colortbl}\lit{minitoc}\lit{index}\lit{multind}\lit{fancybo
x}\lit{alltt}\lit{latin1}\lit{utf8}\lit{utf8x}\lit{ucs}^^J\lit{vanilla}\lit{epl
ain}\lit{context}^^J^^J\lit{varioref}^^J\lit{nameref}\lit{geometry}\lit{byname}
\lit{fleqn}\lit{tabulary}^^J\lit{tabulary-a}\lit{theorem}\lit{ntheorem}\lit{t2b
enc}\lit{memoir}\lit{verse}^^J\lit{mempatch}\lit{amssymb}\lit{gauss}\lit{arabic
ore}\lit{lfeenc}\lit{alatex}\lit{rlbabel}\lit{hebtex}\lit{abidir}^^J\lit{hewrit
e}\lit{aoutput}\lit{koi8-r}\lit{frenchb}\lit{powerdot}\lit{powerdot-a}^^J\lit{e
uler}\lit{eucal}\lit{mex}^^J\lit{titlesec}\lit{jeep}\lit{apacite}\lit{mla}\lit{
path}\lit{hypcap}\lit{dcolumn}\lit{mdwtab}\lit{multirow}^^J\lit{wrapfig}\lit{su
bscript}^^J\lit{subfigure}\lit{caption}\lit{makeidx}\lit{splitidx}^^J\lit{chica
go}\lit{srcltx}^^J\lit{emulateapj}\lit{picins}\lit{nomencl}^^J\lit{ot4enc}^^J\l
it{pd1enc}\lit{revtex4}\lit{aps}\lit{revsymb}^^J\lit{aa}^^J\lit{latex2man}\lit{
texinfo}\lit{doc}\lit{holtxdoc}^^J\lit{scrbook}\lit{scrartcl}\lit{scrreprt}\lit
{elsart}\lit{apa}\lit{apa-a}\lit{JHEP}^^J\lit{TextBook}\lit{combine}\lit{g-brie
f}\lit{ltxguide}^^J\lit{extarticle}\lit{extbook}\lit{extletter}\lit{extproc}^^J
\lit{extreport}\lit{amsdtx}\lit{mathtools}\lit{llncs}^^J\lit{llncs-a}\lit{lncse
}\lit{lncse-a}\lit{bibtopic}\lit{overcite}\lit{harvard}^^J\lit{jurabib}\lit{cp1
256}\lit{8859-6}^^J\lit{germanb}^^J\lit{ngermanb}\lit{manju}\lit{verbatimfiles}
\lit{verbatim}\lit{prosper}\lit{prosper-a}\lit{beamer}\lit{beamerbasetoc}\lit{b
eamerbasefont}\lit{seminar}^^J\lit{seminar-a}\lit{slides}\lit{foils}\lit{slides
ec}^^J\lit{texpower}\lit{xy}\lit{pictex}\lit{diagrams}^^J\lit{pstricks}\lit{pst
-all}\lit{endfloat}^^J\lit{mfpic}\lit{pb-diagram}\lit{pgf}^^J\lit{textures}\lit
{dvipdf}^^J\lit{dvipsone}\lit{fig4tex}\lit{pctex32}\lit{overpic}^^J\lit{dratex}
\lit{europecv}\lit{resume}\lit{curve}^^J\lit{vowel}\lit{enumitem}\lit{esperanto
}\lit{IEEEtran}^^J\lit{enumerate}\lit{accents}\lit{linguex}\lit{cgloss4e}^^J\li
t{covington}\lit{pst-jtree}\lit{diagram}\lit{subeqnarray}^^J\lit{eurosym}\lit{S
Iunits}\lit{sistyle}\lit{ushort}^^J\lit{chapterbib}\lit{microtype}\lit{bm}\lit{
beton}^^J\lit{everyshi}\lit{quoting}\lit{res}\lit{res-a}^^J\lit{algorithmic}\li
t{algorithmicx}\lit{algorithm}\lit{booktabs}^^J\lit{tocloft}\lit{gloss}\lit{dsf
ont}^^J\lit{afterpage}\lit{longdiv}^^J\lit{tugboat}\lit{ltugboat}^^J\lit{ltugbo
at-a}\lit{ltugproc}\lit{ltugproc-a}\lit{mls}^^J\lit{rotating}\lit{boxedminipage
}\lit{ulem}\lit{go}^^J\lit{paralist}\lit{pifont}\lit{listings}\lit{alphanum}^^J
\lit{lineno}\lit{errata}\lit{epigraph}\lit{float}^^J\lit{floatflt}\lit{lb}^^J\l
it{acm-proc-article-sp}\lit{sig-alternate}\lit{endnotes}\lit{2up}^^J\lit{web}\l
it{exerquiz}\lit{nicefrac}\lit{multicol}^^J\lit{osudeG}\lit{ProTex}^^J\lit{th4}
\lit{footmisc}\lit{writer}\lit{mdwlist}^^J\lit{sverb}\lit{syntax}\lit{soul}\lit
{manmac}\lit{cp850}\lit{cp852}\lit{cp862}^^J\lit{cp1250}\lit{cp1252}\lit{cp437}
\lit{cp437de}^^J\lit{cp865}\lit{norsk}\lit{polish}\lit{polski}^^J\lit{portuges}
\lit{romanian}\lit{russianb}\lit{scottish}^^J\lit{slovak}\lit{slovene}\lit{span
ish}\lit{swedish}^^J\lit{turkish}\lit{ukraineb}\lit{usorbian}\lit{welsh}^^J\lit
{hebrew}\lit{austrian}\lit{catalan}\lit{croatian}^^J\lit{czech}\lit{danish}\lit
{dutch}\lit{english}^^J\lit{esperant}\lit{estonian}\lit{finnish}\lit{francais}^
^J\lit{galician}\lit{greek}\lit{exam}  |

\hbox(6.94444+2.22223)x468.95499, glue set - 1.0
.\glue(\leftskip) 39.0003
.\hbox(0.0+0.0)x-30.00005
.\special{t4ht=<br /><!--x-->&#x00A0;}
.\special{t4ht=&#x00A0;}
.\special{t4ht=&#x00A0;}
.etc.


Overfull \hbox (22614.96454pt too wide) in paragraph at lines 671--671
 [][]\tentt \HCode{<table>}\LitRow{}\LitRow2up\LitRow8859-6\LitRowCJK\LitRowIEE
Etran^^J\LitRowJHEP\LitRowPreamble\LitRowProTex\LitRowSIunits^^J\LitRowTextBook
\LitRowaa\LitRowabidir\LitRowaccents^^J\LitRowacm-proc-article-sp\LitRowafterpa
ge\LitRowalatex\LitRowalgorithm^^J\LitRowalgorithmic\LitRowalgorithmicx\LitRowa
lltt\LitRowalphanum^^J\LitRowamsart\LitRowamsbook\LitRowamsbsy\LitRowamscd^^J\L
itRowamsdtx\LitRowamsfonts\LitRowamsldoc\LitRowamsmath^^J\LitRowamsopn\LitRowam
sppt\LitRowamsproc\LitRowamssymb^^J\LitRowamstex\LitRowamstex1\LitRowamstext\Li
tRowamsthm^^J\LitRowaoutput\LitRowapa\LitRowapa-a\LitRowapacite^^J\LitRowaps\Li
tRowarabicore\LitRowarray\LitRowarticle^^J\LitRowaustrian\LitRowbabel\LitRowbea
mer\LitRowbeamerbasefont^^J\LitRowbeamerbasetoc\LitRowbeton\LitRowbiblatex\LitR
owbibtopic^^J\LitRowbm\LitRowbook\LitRowbooktabs\LitRowboxedminipage^^J\LitRowb
yname\LitRowcaption\LitRowcatalan\LitRowcgloss4e^^J\LitRowchapterbib\LitRowchic
ago\LitRowcolor\LitRowcolortbl^^J\LitRowcombine\LitRowcontext\LitRowcovington\L
itRowcp1250^^J\LitRowcp1252\LitRowcp1256\LitRowcp437\LitRowcp437de^^J\LitRowcp8
50\LitRowcp852\LitRowcp862\LitRowcp865^^J\LitRowcroatian\LitRowcurve\LitRowczec
h\LitRowdanish^^J\LitRowdcolumn\LitRowdebug\LitRowdiagram\LitRowdiagrams^^J\Lit
Rowdoc\LitRowdratex\LitRowdsfont\LitRowdutch^^J\LitRowdvipdf\LitRowdvips\LitRow
dvipsnam\LitRowdvipsone^^J\LitRowelsart\LitRowemulateapj\LitRowendfloat\LitRowe
ndnotes^^J\LitRowenglish\LitRowenumerate\LitRowenumitem\LitRowepigraph^^J\LitRo
weplain\LitRowepsf\LitRowepsfig\LitRowerrata^^J\LitRowesperant\LitRowesperanto\
LitRowestonian\LitRowetex4ht^^J\LitRoweucal\LitRoweuler\LitRoweuropecv\LitRoweu
rosym^^J\LitRoweveryshi\LitRowexam\LitRowexerquiz\LitRowextarticle^^J\LitRowext
book\LitRowextletter\LitRowextproc\LitRowextreport^^J\LitRowfancybox\LitRowfanc
yvrb\LitRowfig4tex\LitRowfinnish^^J\LitRowfleqn\LitRowfloat\LitRowfloatflt\LitR
owfoils^^J\LitRowfontmath\LitRowfootmisc\LitRowfootnote-dw\LitRowfrancais^^J\Li
tRowfrench\LitRowfrenchb\LitRowg-brief\LitRowgalician^^J\LitRowgauss\LitRowgeom
etry\LitRowgerman\LitRowgermanb^^J\LitRowgloss\LitRowglossaries\LitRowglossary\
LitRowgo^^J\LitRowgraphics\LitRowgraphicx\LitRowgreek\LitRowharvard^^J\LitRowhe
brew\LitRowhebtex\LitRowhewrite\LitRowholtxdoc^^J\LitRowhypcap\LitRowhyperref\L
itRowifthen\LitRowindex^^J\LitRowinputenc\LitRowitalian\LitRowjeep\LitRowjurabi
b^^J\LitRowkoi8-r\LitRowlatex\LitRowlatex209\LitRowlatex2man^^J\LitRowlatin1\Li
tRowlatin2\LitRowlb\LitRowletter^^J\LitRowlettrine\LitRowlfeenc\LitRowlineno\Li
tRowlinguex^^J\LitRowlistings\LitRowllncs\LitRowllncs-a\LitRowlncse^^J\LitRowln
cse-a\LitRowlongdiv\LitRowlongtable\LitRowltugboat^^J\LitRowltugboat-a\LitRowlt
ugproc\LitRowltugproc-a\LitRowltxguide^^J\LitRowmakeidx\LitRowmanju\LitRowmanma
c\LitRowmathtools^^J\LitRowmdwlist\LitRowmdwtab\LitRowmemoir\LitRowmempatch^^J\
LitRowmex\LitRowmfpic\LitRowmicrotype\LitRowminitoc^^J\LitRowmla\LitRowmls\LitR
owmoreverb\LitRowmulticol^^J\LitRowmultind\LitRowmultirow\LitRowmwart\LitRowmwb
k^^J\LitRowmwrep\LitRownameref\LitRownatbib\LitRowngerman^^J\LitRowngermanb\Lit
Rownicefrac\LitRownomencl\LitRownorsk^^J\LitRowntheorem\LitRowosudeG\LitRowot4e
nc\LitRowovercite^^J\LitRowoverpic\LitRowparalist\LitRowpath\LitRowpb-diagram^^
J\LitRowpctable\LitRowpctex32\LitRowpd1enc\LitRowpgf^^J\LitRowpicins\LitRowpict
ex\LitRowpifont\LitRowplain^^J\LitRowpolish\LitRowpolski\LitRowportuges\LitRowp
owerdot^^J\LitRowpowerdot-a\LitRowprosper\LitRowprosper-a\LitRowpsfig^^J\LitRow
pst-all\LitRowpst-jtree\LitRowpstricks\LitRowquoting^^J\LitRowreading\LitRowrep
ort\LitRowres\LitRowres-a^^J\LitRowresume\LitRowrevsymb\LitRowrevtex4\LitRowrlb
abel^^J\LitRowromanian\LitRowrotating\LitRowrussianb\LitRowscottish^^J\LitRowsc
rartcl\LitRowscrbook\LitRowscrreprt\LitRowseminar^^J\LitRowseminar-a\LitRowsesl
ideb\LitRowsig-alternate\LitRowsistyle^^J\LitRowslides\LitRowslidesec\LitRowslo
vak\LitRowslovene^^J\LitRowsoul\LitRowspanish\LitRowsplitidx\LitRowsrcltx^^J\Li
tRowsubeqnarray\LitRowsubfigure\LitRowsubscript\LitRowsupertabular^^J\LitRowsve
rb\LitRowsvgnam\LitRowswedish\LitRowsyntax^^J\LitRowt2benc\LitRowtabularx\LitRo
wtabulary\LitRowtabulary-a^^J\LitRowtcilatex\LitRowtex4ht\LitRowtex4ht2\LitRowt
exinfo^^J\LitRowtexpower\LitRowtextures\LitRowth4\LitRowtheorem^^J\LitRowtitles
ec\LitRowtocloft\LitRowtugboat\LitRowturkish^^J\LitRowucs\LitRowukraineb\LitRow
ulem\LitRowurl^^J\LitRowushort\LitRowusorbian\LitRowutf8\LitRowutf8x^^J\LitRowv
anilla\LitRowvarioref\LitRowverbatim\LitRowverbatimfiles^^J\LitRowverse\LitRowv
owel\LitRowweb\LitRowwelsh^^J\LitRowwrapfig\LitRowwriter\LitRowxcolor\LitRowxr^
^J\LitRowxr-hyper\LitRowxy  |

\hbox(6.94444+2.22223)x468.95499, glue set - 1.0
.\glue(\leftskip) 39.0003
.\hbox(0.0+0.0)x-30.00005
.\special{t4ht=<br /><!--x-->&#x00A0;}
.\tentt \
.\tentt H
.etc.

[3] [4]
\openout15 = `mktex4ht.4ht'.


--- Writing file --- mktex4ht.4ht ---
[5] [6] ) 
Here is how much of TeX's memory you used:
 2353 strings out of 497973
 23636 string characters out of 6220659
 151661 words of memory out of 5000000
 3220 multiletter control sequences out of 15000+600000
 14794 words of font info for 50 fonts, out of 8000000 for 9000
 14 hyphenation exceptions out of 8191
 23i,4n,21p,146b,529s stack positions out of 30000i,500n,10000p,200000b,80000s

Output written on cond4ht.dvi (7 pages, 71528 bytes).
