This is TeX, Version 3.14159265 (TeX Live 2015) (preloaded format=tex 2015.6.21)  22 OCT 2016 18:56
**tex4ht-cond4ht.tex
(./tex4ht-cond4ht.tex (./ProTex.sty
version 2016-07-04
\:CodeNumber=\count26
\:tokens=\toks12
\:tokensi=\toks13
\:tokensii=\toks14
 (./tex4ht-cond4ht.xref)
\:refout=\write0
\:trcfile=\write1
\openout1 = `tex4ht-cond4ht.trc'.

) (./AlProTex.sty
version 2016-07-04
\:BoxDepth=\dimen16
)
(./common.tex
\tmpcnt=\count27
)
Underfull \vbox (badness 10000) has occurred while \output is active
\vbox(643.20255+0.8333)x469.75499, glue set 6.20255
.\openout0=tex4ht-cond4ht.xref
.\write1{\<cond4ht.4ht\>.1 {DefineCode}{736}{\the \pageno }}
.\write1{\<cond4ht.4ht\>.1 {ShowCode}{736}{\the \pageno }}
.\glue(\topskip) 0.81271
.\hbox(9.18729+3.07617)x469.75499, glue set 204.42621fil
..\glue(\leftskip) -2.99927
..\glue 0.0 plus 1.0fil
..\hbox(12.26346+0.0)x63.90184, shifted 3.07617
...\rule(*+*)x0.4
...\vbox(12.26346+0.0)x63.10185 []
...\rule(*+*)x0.4
..\penalty 10000
..\glue(\parfillskip) 0.0 plus 1.0fil
..etc.
.etc.

 [1
\openout0 = `tex4ht-cond4ht.xref'.

]
Underfull \vbox (badness 10000) has occurred while \output is active
\vbox(643.20255+2.22223)x469.75499
.\glue(\topskip) 10.0
.\hbox(0.0+0.0)x469.75499, glue set 439.75494fil
..\glue(\leftskip) 60.00009
..\hbox(0.0+0.0)x-30.00005
..\penalty 10000
..\glue(\parfillskip) 0.0 plus 1.0fil
..\glue(\rightskip) 0.0
.\glue(\parskip) 0.0
.\glue(\baselineskip) 5.05556
.\hbox(6.94444+2.22223)x469.75499, glue set 355.75568fil
..\glue(\leftskip) 60.00009
..\hbox(0.0+0.0)x-30.00005
..\tentt \
..\tentt d
..\tentt e
..etc.
.etc.

 [2]
Underfull \vbox (badness 10000) has occurred while \output is active
\vbox(643.20255+0.0)x469.75499
.\glue(\topskip) 3.05556
.\hbox(6.94444+2.22223)x469.75499, glue set 114.25778fil
..\glue(\leftskip) 60.00009
..\hbox(0.0+0.0)x-30.00005
..\hbox(4.30554+0.0)x5.24995
..\hbox(4.30554+0.0)x5.24995
..\hbox(4.30554+0.0)x5.24995
..etc.
.\glue(\parskip) 0.0
.\glue(\baselineskip) 2.83333
.\hbox(6.94444+2.22223)x469.75499, glue set 98.50792fil
..\glue(\leftskip) 60.00009
..\hbox(0.0+0.0)x-30.00005
..\hbox(4.30554+0.0)x5.24995
..\hbox(4.30554+0.0)x5.24995
..\hbox(4.30554+0.0)x5.24995
..etc.
.etc.

 [3]
Underfull \vbox (badness 10000) has occurred while \output is active
\vbox(643.20255+0.8333)x469.75499
.\glue(\topskip) 10.0
.\hbox(0.0+0.0)x469.75499, glue set 439.75494fil
..\glue(\leftskip) 60.00009
..\hbox(0.0+0.0)x-30.00005
..\penalty 10000
..\glue(\parfillskip) 0.0 plus 1.0fil
..\glue(\rightskip) 0.0
.\glue(\parskip) 0.0
.\glue(\baselineskip) 12.0
.\hbox(0.0+0.0)x469.75499, glue set 439.75494fil
..\glue(\leftskip) 60.00009
..\hbox(0.0+0.0)x-30.00005
..\penalty 10000
..\glue(\parfillskip) 0.0 plus 1.0fil
..\glue(\rightskip) 0.0
.etc.

 [4]
Underfull \vbox (badness 10000) has occurred while \output is active
\vbox(643.20255+2.22223)x469.75499
.\glue(\topskip) 3.05556
.\hbox(6.94444+2.22223)x469.75499, glue set 235.00673fil
..\glue(\leftskip) 60.00009
..\hbox(0.0+0.0)x-30.00005
..\tentt \
..\tentt H
..\tentt i
..etc.
.\glue(\parskip) 0.0
.\glue(\baselineskip) 2.83333
.\hbox(6.94444+2.22223)x469.75499, glue set 224.50682fil
..\glue(\leftskip) 60.00009
..\hbox(0.0+0.0)x-30.00005
..\hbox(4.30554+0.0)x5.24995
..\hbox(4.30554+0.0)x5.24995
..\hbox(4.30554+0.0)x5.24995
..etc.
.etc.

 [5]
Underfull \vbox (badness 10000) has occurred while \output is active
\vbox(643.20255+2.22223)x469.75499
.\glue(\topskip) 10.0
.\hbox(0.0+0.0)x469.75499, glue set 439.75494fil
..\glue(\leftskip) 60.00009
..\hbox(0.0+0.0)x-30.00005
..\penalty 10000
..\glue(\parfillskip) 0.0 plus 1.0fil
..\glue(\rightskip) 0.0
.\glue(\parskip) 0.0
.\glue(\baselineskip) 12.0
.\hbox(0.0+0.0)x469.75499, glue set 439.75494fil
..\glue(\leftskip) 60.00009
..\hbox(0.0+0.0)x-30.00005
..\penalty 10000
..\glue(\parfillskip) 0.0 plus 1.0fil
..\glue(\rightskip) 0.0
.etc.

 [6]
Underfull \vbox (badness 10000) has occurred while \output is active
\vbox(643.20255+2.22223)x469.75499
.\glue(\topskip) 3.05556
.\hbox(6.94444+2.22223)x469.75499, glue set 308.50609fil
..\glue(\leftskip) 60.00009
..\hbox(0.0+0.0)x-30.00005
..\hbox(4.30554+0.0)x5.24995
..\hbox(4.30554+0.0)x5.24995
..\hbox(4.30554+0.0)x5.24995
..etc.
.\glue(\parskip) 0.0
.\glue(\baselineskip) 2.83333
.\hbox(6.94444+0.8333)x469.75499, glue set 350.50572fil
..\glue(\leftskip) 60.00009
..\hbox(0.0+0.0)x-30.00005
..\hbox(4.30554+0.0)x5.24995
..\hbox(4.30554+0.0)x5.24995
..\hbox(4.30554+0.0)x5.24995
..etc.
.etc.

 [7]
Underfull \vbox (badness 10000) has occurred while \output is active
\vbox(643.20255+2.22223)x469.75499
.\glue(\topskip) 10.0
.\hbox(0.0+0.0)x469.75499, glue set 439.75494fil
..\glue(\leftskip) 60.00009
..\hbox(0.0+0.0)x-30.00005
..\penalty 10000
..\glue(\parfillskip) 0.0 plus 1.0fil
..\glue(\rightskip) 0.0
.\glue(\parskip) 0.0
.\glue(\baselineskip) 5.05556
.\hbox(6.94444+2.22223)x469.75499, glue set 282.25632fil
..\glue(\leftskip) 60.00009
..\hbox(0.0+0.0)x-30.00005
..\tentt \
..\tentt H
..\tentt i
..etc.
.etc.

 [8]
Underfull \vbox (badness 10000) has occurred while \output is active
\vbox(643.20255+0.8333)x469.75499
.\glue(\topskip) 3.05556
.\hbox(6.94444+2.22223)x469.75499, glue set 119.50774fil
..\glue(\leftskip) 60.00009
..\hbox(0.0+0.0)x-30.00005
..\tentt %
..\hbox(4.30554+0.0)x5.24995
..\hbox(4.30554+0.0)x5.24995
..etc.
.\glue(\parskip) 0.0
.\glue(\baselineskip) 2.83333
.\hbox(6.94444+2.22223)x469.75499, glue set 313.75604fil
..\glue(\leftskip) 60.00009
..\hbox(0.0+0.0)x-30.00005
..\tentt %
..\hbox(4.30554+0.0)x5.24995
..\hbox(4.30554+0.0)x5.24995
..etc.
.etc.

 [9]
Underfull \vbox (badness 10000) has occurred while \output is active
\vbox(643.20255+2.22223)x469.75499
.\glue(\topskip) 10.0
.\hbox(0.0+0.0)x469.75499, glue set 439.75494fil
..\glue(\leftskip) 60.00009
..\hbox(0.0+0.0)x-30.00005
..\penalty 10000
..\glue(\parfillskip) 0.0 plus 1.0fil
..\glue(\rightskip) 0.0
.\glue(\parskip) 0.0
.\glue(\baselineskip) 5.05556
.\hbox(6.94444+2.22223)x469.75499, glue set 187.75714fil
..\glue(\leftskip) 60.00009
..\hbox(0.0+0.0)x-30.00005
..\tentt \
..\tentt d
..\tentt e
..etc.
.etc.

 [10]
Underfull \vbox (badness 10000) has occurred while \output is active
\vbox(643.20255+3.76031)x469.75499
.\glue(\topskip) 3.05556
.\hbox(6.94444+2.22223)x469.75499, glue set 319.006fil
..\glue(\leftskip) 60.00009
..\hbox(0.0+0.0)x-30.00005
..\hbox(4.30554+0.0)x5.24995
..\hbox(4.30554+0.0)x5.24995
..\hbox(4.30554+0.0)x5.24995
..etc.
.\glue(\parskip) 0.0
.\glue(\baselineskip) 2.83333
.\hbox(6.94444+2.22223)x469.75499, glue set 313.75604fil
..\glue(\leftskip) 60.00009
..\hbox(0.0+0.0)x-30.00005
..\hbox(4.30554+0.0)x5.24995
..\hbox(4.30554+0.0)x5.24995
..\hbox(4.30554+0.0)x5.24995
..etc.
.etc.

 [11]
Underfull \vbox (badness 10000) has occurred while \output is active
\vbox(643.20255+0.8333)x469.75499
.\glue(\topskip) 3.05556
.\hbox(6.94444+0.8333)x469.75499, glue set 208.75696fil
..\glue(\leftskip) 60.00009
..\hbox(0.0+0.0)x-30.00005
..\hbox(4.30554+0.0)x5.24995
..\hbox(4.30554+0.0)x5.24995
..\hbox(4.30554+0.0)x5.24995
..etc.
.\glue(\parskip) 0.0
.\glue(\baselineskip) 4.22226
.\hbox(6.94444+0.8333)x469.75499, glue set 366.25558fil
..\glue(\leftskip) 60.00009
..\hbox(0.0+0.0)x-30.00005
..\hbox(4.30554+0.0)x5.24995
..\hbox(4.30554+0.0)x5.24995
..\hbox(4.30554+0.0)x5.24995
..etc.
.etc.

 [12]
Underfull \vbox (badness 10000) has occurred while \output is active
\vbox(643.20255+0.8333)x469.75499
.\glue(\topskip) 2.3508
.\hbox(7.6492+3.76031)x469.75499, glue set 226.6806fil
..\glue(\leftskip) 60.00009
..\hbox(0.0+0.0)x-30.00005
..\tentt \
..\tentt e
..\tentt x
..etc.
.\glue(\parskip) 0.0
.\glue(\baselineskip) 1.29524
.\hbox(6.94444+0.8333)x469.75499, glue set 350.50572fil
..\glue(\leftskip) 60.00009
..\hbox(0.0+0.0)x-30.00005
..\hbox(4.30554+0.0)x5.24995
..\hbox(4.30554+0.0)x5.24995
..\hbox(4.30554+0.0)x5.24995
..etc.
.etc.

 [13]
[14]
\openout15 = `cond4ht.4ht'.


--- Writing file --- cond4ht.4ht ---
---------------------------------
--- needs --- tex cond4ht.4ht ---
---------------------------------
[15] )
Output written on tex4ht-cond4ht.dvi (15 pages, 25776 bytes).
